2016-10-29 20:13:52 [scrapy] INFO: Scrapy 1.2.1 started (bot: quotes_spider)
2016-10-29 20:13:52 [scrapy] INFO: Overridden settings: {'NEWSPIDER_MODULE': 'quotes_spider.spiders', 'SPIDER_MODULES': ['quotes_spider.spiders'], 'ROBOTSTXT_OBEY': True, 'BOT_NAME': 'quotes_spider'}
2016-10-29 20:13:52 [scrapy] INFO: Enabled extensions:
['scrapy.extensions.logstats.LogStats',
 'scrapy.extensions.telnet.TelnetConsole',
 'scrapy.extensions.corestats.CoreStats']
2016-10-29 20:13:52 [scrapy] INFO: Enabled downloader middlewares:
['scrapy.downloadermiddlewares.robotstxt.RobotsTxtMiddleware',
 'scrapy.downloadermiddlewares.httpauth.HttpAuthMiddleware',
 'scrapy.downloadermiddlewares.downloadtimeout.DownloadTimeoutMiddleware',
 'scrapy.downloadermiddlewares.defaultheaders.DefaultHeadersMiddleware',
 'scrapy.downloadermiddlewares.useragent.UserAgentMiddleware',
 'scrapy.downloadermiddlewares.retry.RetryMiddleware',
 'scrapy.downloadermiddlewares.redirect.MetaRefreshMiddleware',
 'scrapy.downloadermiddlewares.httpcompression.HttpCompressionMiddleware',
 'scrapy.downloadermiddlewares.redirect.RedirectMiddleware',
 'scrapy.downloadermiddlewares.cookies.CookiesMiddleware',
 'scrapy.downloadermiddlewares.httpproxy.HttpProxyMiddleware',
 'scrapy.downloadermiddlewares.chunked.ChunkedTransferMiddleware',
 'scrapy.downloadermiddlewares.stats.DownloaderStats']
2016-10-29 20:13:52 [scrapy] INFO: Enabled spider middlewares:
['scrapy.spidermiddlewares.httperror.HttpErrorMiddleware',
 'scrapy.spidermiddlewares.offsite.OffsiteMiddleware',
 'scrapy.spidermiddlewares.referer.RefererMiddleware',
 'scrapy.spidermiddlewares.urllength.UrlLengthMiddleware',
 'scrapy.spidermiddlewares.depth.DepthMiddleware']
2016-10-29 20:13:52 [scrapy] INFO: Enabled item pipelines:
[]
2016-10-29 20:13:52 [scrapy] INFO: Spider opened
2016-10-29 20:13:53 [scrapy] INFO: Crawled 0 pages (at 0 pages/min), scraped 0 items (at 0 items/min)
2016-10-29 20:13:53 [scrapy] DEBUG: Telnet console listening on 127.0.0.1:6023
2016-10-29 20:13:53 [scrapy] DEBUG: Retrying <GET http://http:/robots.txt> (failed 1 times): 503 Service Unavailable
2016-10-29 20:13:53 [scrapy] DEBUG: Retrying <GET http://http:/robots.txt> (failed 2 times): 503 Service Unavailable
2016-10-29 20:13:53 [scrapy] DEBUG: Gave up retrying <GET http://http:/robots.txt> (failed 3 times): 503 Service Unavailable
2016-10-29 20:13:53 [scrapy] DEBUG: Crawled (503) <GET http://http:/robots.txt> (referer: None) ['partial']
2016-10-29 20:13:54 [scrapy] DEBUG: Retrying <GET http://http://quotes.toscrape.com/> (failed 1 times): 503 Service Unavailable
2016-10-29 20:13:54 [scrapy] DEBUG: Retrying <GET http://http://quotes.toscrape.com/> (failed 2 times): 503 Service Unavailable
2016-10-29 20:13:54 [scrapy] DEBUG: Gave up retrying <GET http://http://quotes.toscrape.com/> (failed 3 times): 503 Service Unavailable
2016-10-29 20:13:54 [scrapy] DEBUG: Crawled (503) <GET http://http://quotes.toscrape.com/> (referer: None) ['partial']
2016-10-29 20:13:54 [scrapy] DEBUG: Ignoring response <503 http://http://quotes.toscrape.com/>: HTTP status code is not handled or not allowed
2016-10-29 20:13:54 [scrapy] INFO: Closing spider (finished)
2016-10-29 20:13:54 [scrapy] INFO: Dumping Scrapy stats:
{'downloader/request_bytes': 1305,
 'downloader/request_count': 6,
 'downloader/request_method_count/GET': 6,
 'downloader/response_bytes': 1764,
 'downloader/response_count': 6,
 'downloader/response_status_count/503': 6,
 'finish_reason': 'finished',
 'finish_time': datetime.datetime(2016, 10, 29, 14, 43, 54, 926573),
 'log_count/DEBUG': 10,
 'log_count/INFO': 7,
 'response_received_count': 2,
 'scheduler/dequeued': 3,
 'scheduler/dequeued/memory': 3,
 'scheduler/enqueued': 3,
 'scheduler/enqueued/memory': 3,
 'start_time': datetime.datetime(2016, 10, 29, 14, 43, 53, 61690)}
2016-10-29 20:13:54 [scrapy] INFO: Spider closed (finished)
