2016-10-30 00:36:36 [scrapy] INFO: Scrapy 1.2.1 started (bot: quotes_spider)
2016-10-30 00:36:36 [scrapy] INFO: Overridden settings: {'NEWSPIDER_MODULE': 'quotes_spider.spiders', 'SPIDER_MODULES': ['quotes_spider.spiders'], 'BOT_NAME': 'quotes_spider'}
2016-10-30 00:36:36 [scrapy] INFO: Enabled extensions:
['scrapy.extensions.logstats.LogStats',
 'scrapy.extensions.telnet.TelnetConsole',
 'scrapy.extensions.corestats.CoreStats']
2016-10-30 00:36:36 [scrapy] INFO: Enabled downloader middlewares:
['scrapy.downloadermiddlewares.httpauth.HttpAuthMiddleware',
 'scrapy.downloadermiddlewares.downloadtimeout.DownloadTimeoutMiddleware',
 'scrapy.downloadermiddlewares.defaultheaders.DefaultHeadersMiddleware',
 'scrapy.downloadermiddlewares.useragent.UserAgentMiddleware',
 'scrapy.downloadermiddlewares.retry.RetryMiddleware',
 'scrapy.downloadermiddlewares.redirect.MetaRefreshMiddleware',
 'scrapy.downloadermiddlewares.httpcompression.HttpCompressionMiddleware',
 'scrapy.downloadermiddlewares.redirect.RedirectMiddleware',
 'scrapy.downloadermiddlewares.cookies.CookiesMiddleware',
 'scrapy.downloadermiddlewares.httpproxy.HttpProxyMiddleware',
 'scrapy.downloadermiddlewares.chunked.ChunkedTransferMiddleware',
 'scrapy.downloadermiddlewares.stats.DownloaderStats']
2016-10-30 00:36:36 [scrapy] INFO: Enabled spider middlewares:
['scrapy.spidermiddlewares.httperror.HttpErrorMiddleware',
 'scrapy.spidermiddlewares.offsite.OffsiteMiddleware',
 'scrapy.spidermiddlewares.referer.RefererMiddleware',
 'scrapy.spidermiddlewares.urllength.UrlLengthMiddleware',
 'scrapy.spidermiddlewares.depth.DepthMiddleware']
2016-10-30 00:36:36 [scrapy] INFO: Enabled item pipelines:
[]
2016-10-30 00:36:36 [scrapy] INFO: Spider opened
2016-10-30 00:36:36 [scrapy] INFO: Crawled 0 pages (at 0 pages/min), scraped 0 items (at 0 items/min)
2016-10-30 00:36:36 [scrapy] DEBUG: Telnet console listening on 127.0.0.1:6024
2016-10-30 00:36:37 [scrapy] DEBUG: Crawled (200) <GET http://quotes.toscrape.com/> (referer: None)
2016-10-30 00:36:37 [scrapy] DEBUG: Scraped from <200 http://quotes.toscrape.com/>
{'Quote': u'\u201cThe world as we have created it is a process of our thinking. It cannot be changed without changing our thinking.\u201d', 'Tags': [u'change', u'deep-thoughts', u'thinking', u'world'], 'Author': u'Albert Einstein'}
2016-10-30 00:36:37 [scrapy] DEBUG: Scraped from <200 http://quotes.toscrape.com/>
{'Quote': u'\u201cIt is our choices, Harry, that show what we truly are, far more than our abilities.\u201d', 'Tags': [u'abilities', u'choices'], 'Author': u'J.K. Rowling'}
2016-10-30 00:36:37 [scrapy] DEBUG: Scraped from <200 http://quotes.toscrape.com/>
{'Quote': u'\u201cThere are only two ways to live your life. One is as though nothing is a miracle. The other is as though everything is a miracle.\u201d', 'Tags': [u'inspirational', u'life', u'live', u'miracle', u'miracles'], 'Author': u'Albert Einstein'}
2016-10-30 00:36:37 [scrapy] DEBUG: Scraped from <200 http://quotes.toscrape.com/>
{'Quote': u'\u201cThe person, be it gentleman or lady, who has not pleasure in a good novel, must be intolerably stupid.\u201d', 'Tags': [u'aliteracy', u'books', u'classic', u'humor'], 'Author': u'Jane Austen'}
2016-10-30 00:36:37 [scrapy] DEBUG: Scraped from <200 http://quotes.toscrape.com/>
{'Quote': u"\u201cImperfection is beauty, madness is genius and it's better to be absolutely ridiculous than absolutely boring.\u201d", 'Tags': [u'be-yourself', u'inspirational'], 'Author': u'Marilyn Monroe'}
2016-10-30 00:36:37 [scrapy] DEBUG: Scraped from <200 http://quotes.toscrape.com/>
{'Quote': u'\u201cTry not to become a man of success. Rather become a man of value.\u201d', 'Tags': [u'adulthood', u'success', u'value'], 'Author': u'Albert Einstein'}
2016-10-30 00:36:37 [scrapy] DEBUG: Scraped from <200 http://quotes.toscrape.com/>
{'Quote': u'\u201cIt is better to be hated for what you are than to be loved for what you are not.\u201d', 'Tags': [u'life', u'love'], 'Author': u'Andr\xe9 Gide'}
2016-10-30 00:36:37 [scrapy] DEBUG: Scraped from <200 http://quotes.toscrape.com/>
{'Quote': u"\u201cI have not failed. I've just found 10,000 ways that won't work.\u201d", 'Tags': [u'edison', u'failure', u'inspirational', u'paraphrased'], 'Author': u'Thomas A. Edison'}
2016-10-30 00:36:37 [scrapy] DEBUG: Scraped from <200 http://quotes.toscrape.com/>
{'Quote': u"\u201cA woman is like a tea bag; you never know how strong it is until it's in hot water.\u201d", 'Tags': [u'misattributed-eleanor-roosevelt'], 'Author': u'Eleanor Roosevelt'}
2016-10-30 00:36:37 [scrapy] DEBUG: Scraped from <200 http://quotes.toscrape.com/>
{'Quote': u'\u201cA day without sunshine is like, you know, night.\u201d', 'Tags': [u'humor', u'obvious', u'simile'], 'Author': u'Steve Martin'}
2016-10-30 00:36:37 [scrapy] INFO: Closing spider (finished)
2016-10-30 00:36:37 [scrapy] INFO: Dumping Scrapy stats:
{'downloader/request_bytes': 217,
 'downloader/request_count': 1,
 'downloader/request_method_count/GET': 1,
 'downloader/response_bytes': 2338,
 'downloader/response_count': 1,
 'downloader/response_status_count/200': 1,
 'finish_reason': 'finished',
 'finish_time': datetime.datetime(2016, 10, 29, 19, 6, 37, 203494),
 'item_scraped_count': 10,
 'log_count/DEBUG': 12,
 'log_count/INFO': 7,
 'response_received_count': 1,
 'scheduler/dequeued': 1,
 'scheduler/dequeued/memory': 1,
 'scheduler/enqueued': 1,
 'scheduler/enqueued/memory': 1,
 'start_time': datetime.datetime(2016, 10, 29, 19, 6, 36, 757199)}
2016-10-30 00:36:37 [scrapy] INFO: Spider closed (finished)
