2016-10-30 02:11:04 [scrapy] INFO: Scrapy 1.2.1 started (bot: quotes_spider)
2016-10-30 02:11:04 [scrapy] INFO: Overridden settings: {'NEWSPIDER_MODULE': 'quotes_spider.spiders', 'SPIDER_MODULES': ['quotes_spider.spiders'], 'BOT_NAME': 'quotes_spider'}
2016-10-30 02:11:04 [scrapy] INFO: Enabled extensions:
['scrapy.extensions.logstats.LogStats',
 'scrapy.extensions.telnet.TelnetConsole',
 'scrapy.extensions.corestats.CoreStats']
2016-10-30 02:11:04 [scrapy] INFO: Enabled downloader middlewares:
['scrapy.downloadermiddlewares.httpauth.HttpAuthMiddleware',
 'scrapy.downloadermiddlewares.downloadtimeout.DownloadTimeoutMiddleware',
 'scrapy.downloadermiddlewares.defaultheaders.DefaultHeadersMiddleware',
 'scrapy.downloadermiddlewares.useragent.UserAgentMiddleware',
 'scrapy.downloadermiddlewares.retry.RetryMiddleware',
 'scrapy.downloadermiddlewares.redirect.MetaRefreshMiddleware',
 'scrapy.downloadermiddlewares.httpcompression.HttpCompressionMiddleware',
 'scrapy.downloadermiddlewares.redirect.RedirectMiddleware',
 'scrapy.downloadermiddlewares.cookies.CookiesMiddleware',
 'scrapy.downloadermiddlewares.httpproxy.HttpProxyMiddleware',
 'scrapy.downloadermiddlewares.chunked.ChunkedTransferMiddleware',
 'scrapy.downloadermiddlewares.stats.DownloaderStats']
2016-10-30 02:11:04 [scrapy] INFO: Enabled spider middlewares:
['scrapy.spidermiddlewares.httperror.HttpErrorMiddleware',
 'scrapy.spidermiddlewares.offsite.OffsiteMiddleware',
 'scrapy.spidermiddlewares.referer.RefererMiddleware',
 'scrapy.spidermiddlewares.urllength.UrlLengthMiddleware',
 'scrapy.spidermiddlewares.depth.DepthMiddleware']
2016-10-30 02:11:04 [scrapy] INFO: Enabled item pipelines:
['quotes_spider.pipelines.QuotesSpiderPipeline']
2016-10-30 02:11:04 [scrapy] INFO: Spider opened
2016-10-30 02:11:04 [scrapy] INFO: Crawled 0 pages (at 0 pages/min), scraped 0 items (at 0 items/min)
2016-10-30 02:11:04 [scrapy] DEBUG: Telnet console listening on 127.0.0.1:6025
2016-10-30 02:11:05 [scrapy] DEBUG: Crawled (200) <GET http://quotes.toscrape.com/> (referer: None)
2016-10-30 02:11:05 [scrapy] DEBUG: Scraped from <200 http://quotes.toscrape.com/>
{'h1_tag': u'QUOTES TO SCRAPE',
 'tags': [u'love',
          u'inspirational',
          u'life',
          u'humor',
          u'books',
          u'reading',
          u'friendship',
          u'friends',
          u'truth',
          u'attributed-no-source']}
2016-10-30 02:11:05 [scrapy] INFO: Closing spider (finished)
2016-10-30 02:11:05 [scrapy] INFO: Dumping Scrapy stats:
{'downloader/request_bytes': 217,
 'downloader/request_count': 1,
 'downloader/request_method_count/GET': 1,
 'downloader/response_bytes': 2338,
 'downloader/response_count': 1,
 'downloader/response_status_count/200': 1,
 'finish_reason': 'finished',
 'finish_time': datetime.datetime(2016, 10, 29, 20, 41, 5, 296734),
 'item_scraped_count': 1,
 'log_count/DEBUG': 3,
 'log_count/INFO': 7,
 'response_received_count': 1,
 'scheduler/dequeued': 1,
 'scheduler/dequeued/memory': 1,
 'scheduler/enqueued': 1,
 'scheduler/enqueued/memory': 1,
 'start_time': datetime.datetime(2016, 10, 29, 20, 41, 4, 737038)}
2016-10-30 02:11:05 [scrapy] INFO: Spider closed (finished)
